[2025-05-15 19:40:55] local.ERROR: require(/Users/brunorodrigo/Documents/projects-general/curso-IFPE/web2/atividade_03/bootstrap/../routes/web.php): Failed to open stream: No such file or directory {"exception":"[object] (ErrorException(code: 0): require(/Users/brunorodrigo/Documents/projects-general/curso-IFPE/web2/atividade_03/bootstrap/../routes/web.php): Failed to open stream: No such file or directory at /Users/brunorodrigo/Documents/projects-general/curso-IFPE/web2/atividade_03/vendor/laravel/framework/src/Illuminate/Routing/RouteFileRegistrar.php:34)
[stacktrace]
#0 /Users/brunorodrigo/Documents/projects-general/curso-IFPE/web2/atividade_03/vendor/laravel/framework/src/Illuminate/Foundation/Bootstrap/HandleExceptions.php(256): Illuminate\\Foundation\\Bootstrap\\HandleExceptions->handleError(2, 'require(/Users/...', '/Users/brunorod...', 34)
#1 /Users/brunorodrigo/Documents/projects-general/curso-IFPE/web2/atividade_03/vendor/laravel/framework/src/Illuminate/Routing/RouteFileRegistrar.php(34): Illuminate\\Foundation\\Bootstrap\\HandleExceptions->{closure:Illuminate\\Foundation\\Bootstrap\\HandleExceptions::forwardsTo():255}(2, 'require(/Users/...', '/Users/brunorod...', 34)
#2 /Users/brunorodrigo/Documents/projects-general/curso-IFPE/web2/atividade_03/vendor/laravel/framework/src/Illuminate/Routing/RouteFileRegistrar.php(34): require('/Users/brunorod...')
#3 /Users/brunorodrigo/Documents/projects-general/curso-IFPE/web2/atividade_03/vendor/laravel/framework/src/Illuminate/Routing/Router.php(512): Illuminate\\Routing\\RouteFileRegistrar->register('/Users/brunorod...')
#4 /Users/brunorodrigo/Documents/projects-general/curso-IFPE/web2/atividade_03/vendor/laravel/framework/src/Illuminate/Routing/Router.php(466): Illuminate\\Routing\\Router->loadRoutes('/Users/brunorod...')
#5 /Users/brunorodrigo/Documents/projects-general/curso-IFPE/web2/atividade_03/vendor/laravel/framework/src/Illuminate/Routing/RouteRegistrar.php(206): Illuminate\\Routing\\Router->group(Array, '/Users/brunorod...')
#6 /Users/brunorodrigo/Documents/projects-general/curso-IFPE/web2/atividade_03/vendor/laravel/framework/src/Illuminate/Foundation/Configuration/ApplicationBuilder.php(248): Illuminate\\Routing\\RouteRegistrar->group('/Users/brunorod...')
#7 /Users/brunorodrigo/Documents/projects-general/curso-IFPE/web2/atividade_03/vendor/laravel/framework/src/Illuminate/Container/BoundMethod.php(36): Illuminate\\Foundation\\Configuration\\ApplicationBuilder->{closure:Illuminate\\Foundation\\Configuration\\ApplicationBuilder::buildRoutingCallback():205}()
#8 /Users/brunorodrigo/Documents/projects-general/curso-IFPE/web2/atividade_03/vendor/laravel/framework/src/Illuminate/Container/Util.php(43): Illuminate\\Container\\BoundMethod::{closure:Illuminate\\Container\\BoundMethod::call():35}()
#9 /Users/brunorodrigo/Documents/projects-general/curso-IFPE/web2/atividade_03/vendor/laravel/framework/src/Illuminate/Container/BoundMethod.php(84): Illuminate\\Container\\Util::unwrapIfClosure(Object(Closure))
#10 /Users/brunorodrigo/Documents/projects-general/curso-IFPE/web2/atividade_03/vendor/laravel/framework/src/Illuminate/Container/BoundMethod.php(35): Illuminate\\Container\\BoundMethod::callBoundMethod(Object(Illuminate\\Foundation\\Application), Object(Closure), Object(Closure))
#11 /Users/brunorodrigo/Documents/projects-general/curso-IFPE/web2/atividade_03/vendor/laravel/framework/src/Illuminate/Container/Container.php(754): Illuminate\\Container\\BoundMethod::call(Object(Illuminate\\Foundation\\Application), Object(Closure), Array, NULL)
#12 /Users/brunorodrigo/Documents/projects-general/curso-IFPE/web2/atividade_03/vendor/laravel/framework/src/Illuminate/Foundation/Support/Providers/RouteServiceProvider.php(162): Illuminate\\Container\\Container->call(Object(Closure))
#13 /Users/brunorodrigo/Documents/projects-general/curso-IFPE/web2/atividade_03/vendor/laravel/framework/src/Illuminate/Foundation/Support/Providers/RouteServiceProvider.php(59): Illuminate\\Foundation\\Support\\Providers\\RouteServiceProvider->loadRoutes()
#14 /Users/brunorodrigo/Documents/projects-general/curso-IFPE/web2/atividade_03/vendor/laravel/framework/src/Illuminate/Container/BoundMethod.php(36): Illuminate\\Foundation\\Support\\Providers\\RouteServiceProvider->{closure:Illuminate\\Foundation\\Support\\Providers\\RouteServiceProvider::register():53}()
#15 /Users/brunorodrigo/Documents/projects-general/curso-IFPE/web2/atividade_03/vendor/laravel/framework/src/Illuminate/Container/Util.php(43): Illuminate\\Container\\BoundMethod::{closure:Illuminate\\Container\\BoundMethod::call():35}()
#16 /Users/brunorodrigo/Documents/projects-general/curso-IFPE/web2/atividade_03/vendor/laravel/framework/src/Illuminate/Container/BoundMethod.php(84): Illuminate\\Container\\Util::unwrapIfClosure(Object(Closure))
#17 /Users/brunorodrigo/Documents/projects-general/curso-IFPE/web2/atividade_03/vendor/laravel/framework/src/Illuminate/Container/BoundMethod.php(35): Illuminate\\Container\\BoundMethod::callBoundMethod(Object(Illuminate\\Foundation\\Application), Object(Closure), Object(Closure))
#18 /Users/brunorodrigo/Documents/projects-general/curso-IFPE/web2/atividade_03/vendor/laravel/framework/src/Illuminate/Container/Container.php(754): Illuminate\\Container\\BoundMethod::call(Object(Illuminate\\Foundation\\Application), Object(Closure), Array, NULL)
#19 /Users/brunorodrigo/Documents/projects-general/curso-IFPE/web2/atividade_03/vendor/laravel/framework/src/Illuminate/Support/ServiceProvider.php(143): Illuminate\\Container\\Container->call(Object(Closure))
#20 /Users/brunorodrigo/Documents/projects-general/curso-IFPE/web2/atividade_03/vendor/laravel/framework/src/Illuminate/Foundation/Application.php(1153): Illuminate\\Support\\ServiceProvider->callBootedCallbacks()
#21 /Users/brunorodrigo/Documents/projects-general/curso-IFPE/web2/atividade_03/vendor/laravel/framework/src/Illuminate/Foundation/Application.php(1131): Illuminate\\Foundation\\Application->bootProvider(Object(Illuminate\\Foundation\\Support\\Providers\\RouteServiceProvider))
#22 [internal function]: Illuminate\\Foundation\\Application->{closure:Illuminate\\Foundation\\Application::boot():1130}(Object(Illuminate\\Foundation\\Support\\Providers\\RouteServiceProvider), 'Illuminate\\\\Foun...')
#23 /Users/brunorodrigo/Documents/projects-general/curso-IFPE/web2/atividade_03/vendor/laravel/framework/src/Illuminate/Foundation/Application.php(1130): array_walk(Array, Object(Closure))
#24 /Users/brunorodrigo/Documents/projects-general/curso-IFPE/web2/atividade_03/vendor/laravel/framework/src/Illuminate/Foundation/Bootstrap/BootProviders.php(17): Illuminate\\Foundation\\Application->boot()
#25 /Users/brunorodrigo/Documents/projects-general/curso-IFPE/web2/atividade_03/vendor/laravel/framework/src/Illuminate/Foundation/Application.php(341): Illuminate\\Foundation\\Bootstrap\\BootProviders->bootstrap(Object(Illuminate\\Foundation\\Application))
#26 /Users/brunorodrigo/Documents/projects-general/curso-IFPE/web2/atividade_03/vendor/laravel/framework/src/Illuminate/Foundation/Console/Kernel.php(473): Illuminate\\Foundation\\Application->bootstrapWith(Array)
#27 /Users/brunorodrigo/Documents/projects-general/curso-IFPE/web2/atividade_03/vendor/laravel/framework/src/Illuminate/Foundation/Console/Kernel.php(195): Illuminate\\Foundation\\Console\\Kernel->bootstrap()
#28 /Users/brunorodrigo/Documents/projects-general/curso-IFPE/web2/atividade_03/vendor/laravel/framework/src/Illuminate/Foundation/Application.php(1234): Illuminate\\Foundation\\Console\\Kernel->handle(Object(Symfony\\Component\\Console\\Input\\ArgvInput), Object(Symfony\\Component\\Console\\Output\\ConsoleOutput))
#29 /Users/brunorodrigo/Documents/projects-general/curso-IFPE/web2/atividade_03/artisan(16): Illuminate\\Foundation\\Application->handleCommand(Object(Symfony\\Component\\Console\\Input\\ArgvInput))
#30 {main}
"} 
[2025-05-15 19:46:57] local.ERROR: Class "App\Models\Author" not found {"exception":"[object] (Error(code: 0): Class \"App\\Models\\Author\" not found at /Users/brunorodrigo/Documents/projects-general/curso-IFPE/web2/atividade_03/database/seeders/AuthorPublisherBookSeeder.php:15)
[stacktrace]
#0 /Users/brunorodrigo/Documents/projects-general/curso-IFPE/web2/atividade_03/vendor/laravel/framework/src/Illuminate/Container/BoundMethod.php(36): Database\\Seeders\\AuthorPublisherBookSeeder->run()
#1 /Users/brunorodrigo/Documents/projects-general/curso-IFPE/web2/atividade_03/vendor/laravel/framework/src/Illuminate/Container/Util.php(43): Illuminate\\Container\\BoundMethod::{closure:Illuminate\\Container\\BoundMethod::call():35}()
#2 /Users/brunorodrigo/Documents/projects-general/curso-IFPE/web2/atividade_03/vendor/laravel/framework/src/Illuminate/Container/BoundMethod.php(96): Illuminate\\Container\\Util::unwrapIfClosure(Object(Closure))
#3 /Users/brunorodrigo/Documents/projects-general/curso-IFPE/web2/atividade_03/vendor/laravel/framework/src/Illuminate/Container/BoundMethod.php(35): Illuminate\\Container\\BoundMethod::callBoundMethod(Object(Illuminate\\Foundation\\Application), Array, Object(Closure))
#4 /Users/brunorodrigo/Documents/projects-general/curso-IFPE/web2/atividade_03/vendor/laravel/framework/src/Illuminate/Container/Container.php(754): Illuminate\\Container\\BoundMethod::call(Object(Illuminate\\Foundation\\Application), Array, Array, NULL)
#5 /Users/brunorodrigo/Documents/projects-general/curso-IFPE/web2/atividade_03/vendor/laravel/framework/src/Illuminate/Database/Seeder.php(188): Illuminate\\Container\\Container->call(Array, Array)
#6 /Users/brunorodrigo/Documents/projects-general/curso-IFPE/web2/atividade_03/vendor/laravel/framework/src/Illuminate/Database/Seeder.php(197): Illuminate\\Database\\Seeder->{closure:Illuminate\\Database\\Seeder::__invoke():187}()
#7 /Users/brunorodrigo/Documents/projects-general/curso-IFPE/web2/atividade_03/vendor/laravel/framework/src/Illuminate/Database/Seeder.php(61): Illuminate\\Database\\Seeder->__invoke(Array)
#8 /Users/brunorodrigo/Documents/projects-general/curso-IFPE/web2/atividade_03/database/seeders/DatabaseSeeder.php(10): Illuminate\\Database\\Seeder->call('Database\\\\Seeder...')
#9 /Users/brunorodrigo/Documents/projects-general/curso-IFPE/web2/atividade_03/vendor/laravel/framework/src/Illuminate/Container/BoundMethod.php(36): Database\\Seeders\\DatabaseSeeder->run()
#10 /Users/brunorodrigo/Documents/projects-general/curso-IFPE/web2/atividade_03/vendor/laravel/framework/src/Illuminate/Container/Util.php(43): Illuminate\\Container\\BoundMethod::{closure:Illuminate\\Container\\BoundMethod::call():35}()
#11 /Users/brunorodrigo/Documents/projects-general/curso-IFPE/web2/atividade_03/vendor/laravel/framework/src/Illuminate/Container/BoundMethod.php(96): Illuminate\\Container\\Util::unwrapIfClosure(Object(Closure))
#12 /Users/brunorodrigo/Documents/projects-general/curso-IFPE/web2/atividade_03/vendor/laravel/framework/src/Illuminate/Container/BoundMethod.php(35): Illuminate\\Container\\BoundMethod::callBoundMethod(Object(Illuminate\\Foundation\\Application), Array, Object(Closure))
#13 /Users/brunorodrigo/Documents/projects-general/curso-IFPE/web2/atividade_03/vendor/laravel/framework/src/Illuminate/Container/Container.php(754): Illuminate\\Container\\BoundMethod::call(Object(Illuminate\\Foundation\\Application), Array, Array, NULL)
#14 /Users/brunorodrigo/Documents/projects-general/curso-IFPE/web2/atividade_03/vendor/laravel/framework/src/Illuminate/Database/Seeder.php(188): Illuminate\\Container\\Container->call(Array, Array)
#15 /Users/brunorodrigo/Documents/projects-general/curso-IFPE/web2/atividade_03/vendor/laravel/framework/src/Illuminate/Database/Seeder.php(197): Illuminate\\Database\\Seeder->{closure:Illuminate\\Database\\Seeder::__invoke():187}()
#16 /Users/brunorodrigo/Documents/projects-general/curso-IFPE/web2/atividade_03/vendor/laravel/framework/src/Illuminate/Database/Console/Seeds/SeedCommand.php(71): Illuminate\\Database\\Seeder->__invoke()
#17 /Users/brunorodrigo/Documents/projects-general/curso-IFPE/web2/atividade_03/vendor/laravel/framework/src/Illuminate/Database/Eloquent/Concerns/GuardsAttributes.php(155): Illuminate\\Database\\Console\\Seeds\\SeedCommand->{closure:Illuminate\\Database\\Console\\Seeds\\SeedCommand::handle():70}()
#18 /Users/brunorodrigo/Documents/projects-general/curso-IFPE/web2/atividade_03/vendor/laravel/framework/src/Illuminate/Database/Console/Seeds/SeedCommand.php(70): Illuminate\\Database\\Eloquent\\Model::unguarded(Object(Closure))
#19 /Users/brunorodrigo/Documents/projects-general/curso-IFPE/web2/atividade_03/vendor/laravel/framework/src/Illuminate/Container/BoundMethod.php(36): Illuminate\\Database\\Console\\Seeds\\SeedCommand->handle()
#20 /Users/brunorodrigo/Documents/projects-general/curso-IFPE/web2/atividade_03/vendor/laravel/framework/src/Illuminate/Container/Util.php(43): Illuminate\\Container\\BoundMethod::{closure:Illuminate\\Container\\BoundMethod::call():35}()
#21 /Users/brunorodrigo/Documents/projects-general/curso-IFPE/web2/atividade_03/vendor/laravel/framework/src/Illuminate/Container/BoundMethod.php(96): Illuminate\\Container\\Util::unwrapIfClosure(Object(Closure))
#22 /Users/brunorodrigo/Documents/projects-general/curso-IFPE/web2/atividade_03/vendor/laravel/framework/src/Illuminate/Container/BoundMethod.php(35): Illuminate\\Container\\BoundMethod::callBoundMethod(Object(Illuminate\\Foundation\\Application), Array, Object(Closure))
#23 /Users/brunorodrigo/Documents/projects-general/curso-IFPE/web2/atividade_03/vendor/laravel/framework/src/Illuminate/Container/Container.php(754): Illuminate\\Container\\BoundMethod::call(Object(Illuminate\\Foundation\\Application), Array, Array, NULL)
#24 /Users/brunorodrigo/Documents/projects-general/curso-IFPE/web2/atividade_03/vendor/laravel/framework/src/Illuminate/Console/Command.php(211): Illuminate\\Container\\Container->call(Array)
#25 /Users/brunorodrigo/Documents/projects-general/curso-IFPE/web2/atividade_03/vendor/symfony/console/Command/Command.php(279): Illuminate\\Console\\Command->execute(Object(Symfony\\Component\\Console\\Input\\ArrayInput), Object(Illuminate\\Console\\OutputStyle))
#26 /Users/brunorodrigo/Documents/projects-general/curso-IFPE/web2/atividade_03/vendor/laravel/framework/src/Illuminate/Console/Command.php(180): Symfony\\Component\\Console\\Command\\Command->run(Object(Symfony\\Component\\Console\\Input\\ArrayInput), Object(Illuminate\\Console\\OutputStyle))
#27 /Users/brunorodrigo/Documents/projects-general/curso-IFPE/web2/atividade_03/vendor/laravel/framework/src/Illuminate/Console/Concerns/CallsCommands.php(68): Illuminate\\Console\\Command->run(Object(Symfony\\Component\\Console\\Input\\ArrayInput), Object(Illuminate\\Console\\OutputStyle))
#28 /Users/brunorodrigo/Documents/projects-general/curso-IFPE/web2/atividade_03/vendor/laravel/framework/src/Illuminate/Console/Concerns/CallsCommands.php(29): Illuminate\\Console\\Command->runCommand('db:seed', Array, Object(Illuminate\\Console\\OutputStyle))
#29 /Users/brunorodrigo/Documents/projects-general/curso-IFPE/web2/atividade_03/vendor/laravel/framework/src/Illuminate/Database/Console/Migrations/RefreshCommand.php(139): Illuminate\\Console\\Command->call('db:seed', Array)
#30 /Users/brunorodrigo/Documents/projects-general/curso-IFPE/web2/atividade_03/vendor/laravel/framework/src/Illuminate/Database/Console/Migrations/RefreshCommand.php(79): Illuminate\\Database\\Console\\Migrations\\RefreshCommand->runSeeder(NULL)
#31 /Users/brunorodrigo/Documents/projects-general/curso-IFPE/web2/atividade_03/vendor/laravel/framework/src/Illuminate/Container/BoundMethod.php(36): Illuminate\\Database\\Console\\Migrations\\RefreshCommand->handle()
#32 /Users/brunorodrigo/Documents/projects-general/curso-IFPE/web2/atividade_03/vendor/laravel/framework/src/Illuminate/Container/Util.php(43): Illuminate\\Container\\BoundMethod::{closure:Illuminate\\Container\\BoundMethod::call():35}()
#33 /Users/brunorodrigo/Documents/projects-general/curso-IFPE/web2/atividade_03/vendor/laravel/framework/src/Illuminate/Container/BoundMethod.php(96): Illuminate\\Container\\Util::unwrapIfClosure(Object(Closure))
#34 /Users/brunorodrigo/Documents/projects-general/curso-IFPE/web2/atividade_03/vendor/laravel/framework/src/Illuminate/Container/BoundMethod.php(35): Illuminate\\Container\\BoundMethod::callBoundMethod(Object(Illuminate\\Foundation\\Application), Array, Object(Closure))
#35 /Users/brunorodrigo/Documents/projects-general/curso-IFPE/web2/atividade_03/vendor/laravel/framework/src/Illuminate/Container/Container.php(754): Illuminate\\Container\\BoundMethod::call(Object(Illuminate\\Foundation\\Application), Array, Array, NULL)
#36 /Users/brunorodrigo/Documents/projects-general/curso-IFPE/web2/atividade_03/vendor/laravel/framework/src/Illuminate/Console/Command.php(211): Illuminate\\Container\\Container->call(Array)
#37 /Users/brunorodrigo/Documents/projects-general/curso-IFPE/web2/atividade_03/vendor/symfony/console/Command/Command.php(279): Illuminate\\Console\\Command->execute(Object(Symfony\\Component\\Console\\Input\\ArgvInput), Object(Illuminate\\Console\\OutputStyle))
#38 /Users/brunorodrigo/Documents/projects-general/curso-IFPE/web2/atividade_03/vendor/laravel/framework/src/Illuminate/Console/Command.php(180): Symfony\\Component\\Console\\Command\\Command->run(Object(Symfony\\Component\\Console\\Input\\ArgvInput), Object(Illuminate\\Console\\OutputStyle))
#39 /Users/brunorodrigo/Documents/projects-general/curso-IFPE/web2/atividade_03/vendor/symfony/console/Application.php(1094): Illuminate\\Console\\Command->run(Object(Symfony\\Component\\Console\\Input\\ArgvInput), Object(Symfony\\Component\\Console\\Output\\ConsoleOutput))
#40 /Users/brunorodrigo/Documents/projects-general/curso-IFPE/web2/atividade_03/vendor/symfony/console/Application.php(342): Symfony\\Component\\Console\\Application->doRunCommand(Object(Illuminate\\Database\\Console\\Migrations\\RefreshCommand), Object(Symfony\\Component\\Console\\Input\\ArgvInput), Object(Symfony\\Component\\Console\\Output\\ConsoleOutput))
#41 /Users/brunorodrigo/Documents/projects-general/curso-IFPE/web2/atividade_03/vendor/symfony/console/Application.php(193): Symfony\\Component\\Console\\Application->doRun(Object(Symfony\\Component\\Console\\Input\\ArgvInput), Object(Symfony\\Component\\Console\\Output\\ConsoleOutput))
#42 /Users/brunorodrigo/Documents/projects-general/curso-IFPE/web2/atividade_03/vendor/laravel/framework/src/Illuminate/Foundation/Console/Kernel.php(197): Symfony\\Component\\Console\\Application->run(Object(Symfony\\Component\\Console\\Input\\ArgvInput), Object(Symfony\\Component\\Console\\Output\\ConsoleOutput))
#43 /Users/brunorodrigo/Documents/projects-general/curso-IFPE/web2/atividade_03/vendor/laravel/framework/src/Illuminate/Foundation/Application.php(1234): Illuminate\\Foundation\\Console\\Kernel->handle(Object(Symfony\\Component\\Console\\Input\\ArgvInput), Object(Symfony\\Component\\Console\\Output\\ConsoleOutput))
#44 /Users/brunorodrigo/Documents/projects-general/curso-IFPE/web2/atividade_03/artisan(16): Illuminate\\Foundation\\Application->handleCommand(Object(Symfony\\Component\\Console\\Input\\ArgvInput))
#45 {main}
"} 
[2025-06-11 23:38:53] local.ERROR: The provided cwd "/Users/brunorodrigo/Documents/projects-general/curso-IFPE/web2/atividade_04/public" does not exist. {"exception":"[object] (Symfony\\Component\\Process\\Exception\\RuntimeException(code: 0): The provided cwd \"/Users/brunorodrigo/Documents/projects-general/curso-IFPE/web2/atividade_04/public\" does not exist. at /Users/brunorodrigo/Documents/projects-general/curso-IFPE/web2/atividade_04/vendor/symfony/process/Process.php:341)
[stacktrace]
#0 /Users/brunorodrigo/Documents/projects-general/curso-IFPE/web2/atividade_04/vendor/laravel/framework/src/Illuminate/Foundation/Console/ServeCommand.php(190): Symfony\\Component\\Process\\Process->start(Object(Closure))
#1 /Users/brunorodrigo/Documents/projects-general/curso-IFPE/web2/atividade_04/vendor/laravel/framework/src/Illuminate/Foundation/Console/ServeCommand.php(129): Illuminate\\Foundation\\Console\\ServeCommand->startProcess(true)
#2 /Users/brunorodrigo/Documents/projects-general/curso-IFPE/web2/atividade_04/vendor/laravel/framework/src/Illuminate/Container/BoundMethod.php(36): Illuminate\\Foundation\\Console\\ServeCommand->handle()
#3 /Users/brunorodrigo/Documents/projects-general/curso-IFPE/web2/atividade_04/vendor/laravel/framework/src/Illuminate/Container/Util.php(43): Illuminate\\Container\\BoundMethod::{closure:Illuminate\\Container\\BoundMethod::call():35}()
#4 /Users/brunorodrigo/Documents/projects-general/curso-IFPE/web2/atividade_04/vendor/laravel/framework/src/Illuminate/Container/BoundMethod.php(96): Illuminate\\Container\\Util::unwrapIfClosure(Object(Closure))
#5 /Users/brunorodrigo/Documents/projects-general/curso-IFPE/web2/atividade_04/vendor/laravel/framework/src/Illuminate/Container/BoundMethod.php(35): Illuminate\\Container\\BoundMethod::callBoundMethod(Object(Illuminate\\Foundation\\Application), Array, Object(Closure))
#6 /Users/brunorodrigo/Documents/projects-general/curso-IFPE/web2/atividade_04/vendor/laravel/framework/src/Illuminate/Container/Container.php(754): Illuminate\\Container\\BoundMethod::call(Object(Illuminate\\Foundation\\Application), Array, Array, NULL)
#7 /Users/brunorodrigo/Documents/projects-general/curso-IFPE/web2/atividade_04/vendor/laravel/framework/src/Illuminate/Console/Command.php(211): Illuminate\\Container\\Container->call(Array)
#8 /Users/brunorodrigo/Documents/projects-general/curso-IFPE/web2/atividade_04/vendor/symfony/console/Command/Command.php(279): Illuminate\\Console\\Command->execute(Object(Symfony\\Component\\Console\\Input\\ArgvInput), Object(Illuminate\\Console\\OutputStyle))
#9 /Users/brunorodrigo/Documents/projects-general/curso-IFPE/web2/atividade_04/vendor/laravel/framework/src/Illuminate/Console/Command.php(180): Symfony\\Component\\Console\\Command\\Command->run(Object(Symfony\\Component\\Console\\Input\\ArgvInput), Object(Illuminate\\Console\\OutputStyle))
#10 /Users/brunorodrigo/Documents/projects-general/curso-IFPE/web2/atividade_04/vendor/symfony/console/Application.php(1094): Illuminate\\Console\\Command->run(Object(Symfony\\Component\\Console\\Input\\ArgvInput), Object(Symfony\\Component\\Console\\Output\\ConsoleOutput))
#11 /Users/brunorodrigo/Documents/projects-general/curso-IFPE/web2/atividade_04/vendor/symfony/console/Application.php(342): Symfony\\Component\\Console\\Application->doRunCommand(Object(Illuminate\\Foundation\\Console\\ServeCommand), Object(Symfony\\Component\\Console\\Input\\ArgvInput), Object(Symfony\\Component\\Console\\Output\\ConsoleOutput))
#12 /Users/brunorodrigo/Documents/projects-general/curso-IFPE/web2/atividade_04/vendor/symfony/console/Application.php(193): Symfony\\Component\\Console\\Application->doRun(Object(Symfony\\Component\\Console\\Input\\ArgvInput), Object(Symfony\\Component\\Console\\Output\\ConsoleOutput))
#13 /Users/brunorodrigo/Documents/projects-general/curso-IFPE/web2/atividade_04/vendor/laravel/framework/src/Illuminate/Foundation/Console/Kernel.php(197): Symfony\\Component\\Console\\Application->run(Object(Symfony\\Component\\Console\\Input\\ArgvInput), Object(Symfony\\Component\\Console\\Output\\ConsoleOutput))
#14 /Users/brunorodrigo/Documents/projects-general/curso-IFPE/web2/atividade_04/vendor/laravel/framework/src/Illuminate/Foundation/Application.php(1234): Illuminate\\Foundation\\Console\\Kernel->handle(Object(Symfony\\Component\\Console\\Input\\ArgvInput), Object(Symfony\\Component\\Console\\Output\\ConsoleOutput))
#15 /Users/brunorodrigo/Documents/projects-general/curso-IFPE/web2/atividade_04/artisan(16): Illuminate\\Foundation\\Application->handleCommand(Object(Symfony\\Component\\Console\\Input\\ArgvInput))
#16 {main}
"} 
